-------------------------------------------------------------------------------
Test set: com.odontologia.ProyectoIntegrador.ProyectoIntegradorApplicationTests
-------------------------------------------------------------------------------
Tests run: 1, Failures: 0, Errors: 1, Skipped: 0, Time elapsed: 3.569 s <<< FAILURE! - in com.odontologia.ProyectoIntegrador.ProyectoIntegradorApplicationTests
contextLoads  Time elapsed: 0.018 s  <<< ERROR!
java.lang.IllegalStateException: Failed to load ApplicationContext
Caused by: org.springframework.beans.factory.UnsatisfiedDependencyException: Error creating bean with name 'pacienteController' defined in file [/Users/matiascrino/Archivos/Certified Tech Developer/Bimestre 5/BackEnd/Integrador/ProyectoIntegrador/target/classes/com/odontologia/ProyectoIntegrador/controller/PacienteController.class]: Unsatisfied dependency expressed through constructor parameter 0; nested exception is org.springframework.beans.factory.UnsatisfiedDependencyException: Error creating bean with name 'pacienteService' defined in file [/Users/matiascrino/Archivos/Certified Tech Developer/Bimestre 5/BackEnd/Integrador/ProyectoIntegrador/target/classes/com/odontologia/ProyectoIntegrador/service/impl/PacienteService.class]: Unsatisfied dependency expressed through constructor parameter 0; nested exception is org.springframework.beans.factory.NoSuchBeanDefinitionException: No qualifying bean of type 'com.odontologia.ProyectoIntegrador.dao.IDao<com.odontologia.ProyectoIntegrador.entity.Paciente>' available: expected at least 1 bean which qualifies as autowire candidate. Dependency annotations: {}
Caused by: org.springframework.beans.factory.UnsatisfiedDependencyException: Error creating bean with name 'pacienteService' defined in file [/Users/matiascrino/Archivos/Certified Tech Developer/Bimestre 5/BackEnd/Integrador/ProyectoIntegrador/target/classes/com/odontologia/ProyectoIntegrador/service/impl/PacienteService.class]: Unsatisfied dependency expressed through constructor parameter 0; nested exception is org.springframework.beans.factory.NoSuchBeanDefinitionException: No qualifying bean of type 'com.odontologia.ProyectoIntegrador.dao.IDao<com.odontologia.ProyectoIntegrador.entity.Paciente>' available: expected at least 1 bean which qualifies as autowire candidate. Dependency annotations: {}
Caused by: org.springframework.beans.factory.NoSuchBeanDefinitionException: No qualifying bean of type 'com.odontologia.ProyectoIntegrador.dao.IDao<com.odontologia.ProyectoIntegrador.entity.Paciente>' available: expected at least 1 bean which qualifies as autowire candidate. Dependency annotations: {}

